<?xml version="1.0" encoding="UTF-8"?>
<testsuite xmlns:xsi="http://www.w3.org/2001/XMLSchema-instance" xsi:noNamespaceSchemaLocation="https://maven.apache.org/surefire/maven-surefire-plugin/xsd/surefire-test-report.xsd" name="com.picpay.api.oauth2.restapi.UserControllerTest" time="20.123" tests="2" errors="0" skipped="0" failures="0">
  <properties>
[...]
</properties>
  <testcase name="should_get_list_page_sucess" classname="com.picpay.api.oauth2.restapi.UserControllerTest" time="7.433"/>
  <testcase name="should_create_sucess" classname="com.picpay.api.oauth2.restapi.UserControllerTest" time="0.313"/>
</testsuite>